{"level":"warn","message":"RAZORPAY_WEBHOOK_SECRET is not configured. Razorpay webhooks are disabled.","service":"nayamo-api","timestamp":"2026-04-28 12:36:19"}
{"level":"info","message":"Redis connected","service":"nayamo-api","timestamp":"2026-04-28 12:36:19"}
{"level":"warn","message":"RAZORPAY_WEBHOOK_SECRET is not configured. Razorpay webhooks are disabled.","service":"nayamo-api","timestamp":"2026-04-28 12:36:42"}
{"level":"info","message":"Redis connected","service":"nayamo-api","timestamp":"2026-04-28 12:36:42"}
{"level":"warn","message":"RAZORPAY_WEBHOOK_SECRET is not configured. Razorpay webhooks are disabled.","service":"nayamo-api","timestamp":"2026-04-28 12:39:03"}
{"level":"info","message":"Redis connected","service":"nayamo-api","timestamp":"2026-04-28 12:39:03"}
{"level":"info","message":"Server running in development mode on port 5000","service":"nayamo-api","timestamp":"2026-04-28 12:39:04"}
{"level":"info","message":"SIGINT received. Shutting down gracefully...","service":"nayamo-api","timestamp":"2026-04-28 13:01:01"}
{"level":"info","message":"HTTP server closed.","service":"nayamo-api","timestamp":"2026-04-28 13:01:01"}
{"level":"info","message":"MongoDB connection closed.","service":"nayamo-api","timestamp":"2026-04-28 13:01:01"}
{"level":"info","message":"Redis connection closed.","service":"nayamo-api","timestamp":"2026-04-28 13:01:01"}
{"level":"warn","message":"RAZORPAY_WEBHOOK_SECRET is not configured. Razorpay webhooks are disabled.","service":"nayamo-api","timestamp":"2026-04-28 13:01:30"}
{"level":"info","message":"Redis connected","service":"nayamo-api","timestamp":"2026-04-28 13:01:30"}
{"level":"warn","message":"RAZORPAY_WEBHOOK_SECRET is not configured. Razorpay webhooks are disabled.","service":"nayamo-api","timestamp":"2026-04-28 13:02:23"}
{"level":"info","message":"Redis connected","service":"nayamo-api","timestamp":"2026-04-28 13:02:23"}
{"level":"info","message":"Server running in development mode on port 5000","service":"nayamo-api","timestamp":"2026-04-28 13:02:28"}
{"level":"warn","message":"RAZORPAY_WEBHOOK_SECRET is not configured. Razorpay webhooks are disabled.","service":"nayamo-api","timestamp":"2026-04-28 13:50:48"}
{"level":"info","message":"Redis connected","service":"nayamo-api","timestamp":"2026-04-28 13:50:48"}
{"level":"warn","message":"RAZORPAY_WEBHOOK_SECRET is not configured. Razorpay webhooks are disabled.","service":"nayamo-api","timestamp":"2026-04-28 13:51:21"}
{"level":"info","message":"Redis connected","service":"nayamo-api","timestamp":"2026-04-28 13:51:21"}
{"level":"info","message":"Server running in development mode on port 5000","service":"nayamo-api","timestamp":"2026-04-28 13:51:22"}
{"level":"warn","message":"RAZORPAY_WEBHOOK_SECRET is not configured. Razorpay webhooks are disabled.","service":"nayamo-api","timestamp":"2026-04-28 14:32:53"}
{"level":"info","message":"Redis connected","service":"nayamo-api","timestamp":"2026-04-28 14:32:53"}
{"level":"warn","message":"RAZORPAY_WEBHOOK_SECRET is not configured. Razorpay webhooks are disabled.","service":"nayamo-api","timestamp":"2026-04-28 14:32:54"}
{"level":"info","message":"Redis connected","service":"nayamo-api","timestamp":"2026-04-28 14:32:54"}
{"level":"info","message":"Server running in development mode on port 5000","service":"nayamo-api","timestamp":"2026-04-28 14:32:55"}
{"level":"warn","message":"RAZORPAY_WEBHOOK_SECRET is not configured. Razorpay webhooks are disabled.","service":"nayamo-api","timestamp":"2026-04-28 14:37:14"}
{"level":"info","message":"Redis connected","service":"nayamo-api","timestamp":"2026-04-28 14:37:14"}
{"level":"info","message":"Server running in development mode on port 5000","service":"nayamo-api","timestamp":"2026-04-28 14:37:16"}
{"level":"warn","message":"RAZORPAY_WEBHOOK_SECRET is not configured. Razorpay webhooks are disabled.","service":"nayamo-api","timestamp":"2026-04-28 14:39:12"}
{"level":"info","message":"Redis connected","service":"nayamo-api","timestamp":"2026-04-28 14:39:12"}
{"level":"info","message":"Server running in development mode on port 5000","service":"nayamo-api","timestamp":"2026-04-28 14:39:13"}
{"level":"warn","message":"RAZORPAY_WEBHOOK_SECRET is not configured. Razorpay webhooks are disabled.","service":"nayamo-api","timestamp":"2026-04-28 14:40:07"}
{"level":"info","message":"Redis connected","service":"nayamo-api","timestamp":"2026-04-28 14:40:07"}
{"level":"info","message":"Server running in development mode on port 5000","service":"nayamo-api","timestamp":"2026-04-28 14:40:07"}
{"level":"warn","message":"RAZORPAY_WEBHOOK_SECRET is not configured. Razorpay webhooks are disabled.","service":"nayamo-api","timestamp":"2026-04-28 14:41:28"}
{"level":"info","message":"Redis connected","service":"nayamo-api","timestamp":"2026-04-28 14:41:28"}
{"level":"info","message":"Server running in development mode on port 5000","service":"nayamo-api","timestamp":"2026-04-28 14:41:29"}
{"level":"warn","message":"RAZORPAY_WEBHOOK_SECRET is not configured. Razorpay webhooks are disabled.","service":"nayamo-api","timestamp":"2026-04-28 14:46:12"}
{"level":"info","message":"Redis connected","service":"nayamo-api","timestamp":"2026-04-28 14:46:12"}
{"level":"warn","message":"RAZORPAY_WEBHOOK_SECRET is not configured. Razorpay webhooks are disabled.","service":"nayamo-api","timestamp":"2026-04-28 15:38:02"}
{"level":"info","message":"Redis connected","service":"nayamo-api","timestamp":"2026-04-28 15:38:02"}
{"level":"error","message":"UNCAUGHT EXCEPTION! Shutting down...","service":"nayamo-api","timestamp":"2026-04-28 15:38:03"}
{"level":"warn","message":"RAZORPAY_WEBHOOK_SECRET is not configured. Razorpay webhooks are disabled.","service":"nayamo-api","timestamp":"2026-04-28 15:43:50"}
{"level":"info","message":"Redis connected","service":"nayamo-api","timestamp":"2026-04-28 15:43:50"}
{"level":"info","message":"Server running in development mode on port 5000","service":"nayamo-api","timestamp":"2026-04-28 15:43:51"}
{"level":"info","message":"\u001b[0mPOST /api/v1/auth/login \u001b[33m401\u001b[0m 84.107 ms - 268\u001b[0m","service":"nayamo-api","timestamp":"2026-04-28 15:44:40"}
{"level":"warn","message":"RAZORPAY_WEBHOOK_SECRET is not configured. Razorpay webhooks are disabled.","service":"nayamo-api","timestamp":"2026-04-28 15:45:10"}
{"level":"info","message":"Redis connected","service":"nayamo-api","timestamp":"2026-04-28 15:45:10"}
{"level":"error","message":"UNCAUGHT EXCEPTION! Shutting down...","service":"nayamo-api","timestamp":"2026-04-28 15:45:12"}
{"level":"info","message":"\u001b[0mGET /health \u001b[32m200\u001b[0m 1.827 ms - 182\u001b[0m","service":"nayamo-api","timestamp":"2026-04-28 15:45:15"}
{"level":"warn","message":"RAZORPAY_WEBHOOK_SECRET is not configured. Razorpay webhooks are disabled.","service":"nayamo-api","timestamp":"2026-04-28 15:47:01"}
{"level":"info","message":"Redis connected","service":"nayamo-api","timestamp":"2026-04-28 15:47:01"}
{"level":"info","message":"Server running in development mode on port 5000","service":"nayamo-api","timestamp":"2026-04-28 15:47:02"}
{"level":"info","message":"\u001b[0mPOST /api/v1/auth/login \u001b[31m500\u001b[0m 493.750 ms - 575\u001b[0m","service":"nayamo-api","timestamp":"2026-04-28 15:47:31"}
{"level":"warn","message":"RAZORPAY_WEBHOOK_SECRET is not configured. Razorpay webhooks are disabled.","service":"nayamo-api","timestamp":"2026-04-28 15:47:50"}
{"level":"info","message":"Redis connected","service":"nayamo-api","timestamp":"2026-04-28 15:47:51"}
{"level":"error","message":"UNCAUGHT EXCEPTION! Shutting down...","service":"nayamo-api","timestamp":"2026-04-28 15:47:51"}
{"level":"info","message":"\u001b[0mGET /health \u001b[32m200\u001b[0m 1.962 ms - 181\u001b[0m","service":"nayamo-api","timestamp":"2026-04-28 15:47:54"}
{"level":"warn","message":"RAZORPAY_WEBHOOK_SECRET is not configured. Razorpay webhooks are disabled.","service":"nayamo-api","timestamp":"2026-04-28 15:52:57"}
{"level":"info","message":"Redis connected","service":"nayamo-api","timestamp":"2026-04-28 15:52:57"}
{"level":"info","message":"Server running in development mode on port 5000","service":"nayamo-api","timestamp":"2026-04-28 15:52:59"}
{"level":"info","message":"\u001b[0mPOST /api/v1/auth/login \u001b[33m401\u001b[0m 68.161 ms - 268\u001b[0m","service":"nayamo-api","timestamp":"2026-04-28 15:53:02"}
{"level":"info","message":"\u001b[0mPOST /api/v1/auth/login \u001b[33m401\u001b[0m 68.387 ms - 268\u001b[0m","service":"nayamo-api","timestamp":"2026-04-28 15:53:14"}
{"level":"info","message":"\u001b[0mPOST /api/v1/auth/login \u001b[33m401\u001b[0m 45.802 ms - 268\u001b[0m","service":"nayamo-api","timestamp":"2026-04-28 15:53:31"}
{"level":"info","message":"\u001b[0mGET /health \u001b[32m200\u001b[0m 0.994 ms - 182\u001b[0m","service":"nayamo-api","timestamp":"2026-04-28 15:54:10"}
{"level":"info","message":"\u001b[0mGET /health \u001b[32m200\u001b[0m 1.189 ms - 183\u001b[0m","service":"nayamo-api","timestamp":"2026-04-28 15:54:51"}
{"level":"info","message":"\u001b[0mPOST /api/v1/auth/login \u001b[33m401\u001b[0m 52.894 ms - 268\u001b[0m","service":"nayamo-api","timestamp":"2026-04-28 15:59:50"}
{"level":"info","message":"\u001b[0mPOST /api/v1/auth/login \u001b[33m400\u001b[0m 3.818 ms - 219\u001b[0m","service":"nayamo-api","timestamp":"2026-04-28 15:59:50"}
{"level":"info","message":"\u001b[0mGET /api/v1/products?page=1 \u001b[32m200\u001b[0m 48.996 ms - 104\u001b[0m","service":"nayamo-api","timestamp":"2026-04-28 16:13:29"}
{"level":"info","message":"\u001b[0mGET /api/v1/products?sort=newest&page=1 \u001b[32m200\u001b[0m 47.617 ms - 104\u001b[0m","service":"nayamo-api","timestamp":"2026-04-28 16:13:29"}
{"level":"info","message":"\u001b[0mGET /api/v1/products?page=1 \u001b[36m304\u001b[0m 1.652 ms - -\u001b[0m","service":"nayamo-api","timestamp":"2026-04-28 16:13:29"}
{"level":"info","message":"\u001b[0mGET /api/v1/products?sort=newest&page=1 \u001b[36m304\u001b[0m 1.543 ms - -\u001b[0m","service":"nayamo-api","timestamp":"2026-04-28 16:13:29"}
{"level":"info","message":"\u001b[0mGET /api/v1/products?sort=popular&page=1 \u001b[32m200\u001b[0m 604.449 ms - 104\u001b[0m","service":"nayamo-api","timestamp":"2026-04-28 16:13:29"}
{"level":"info","message":"\u001b[0mGET /api/v1/products?sort=popular&page=1 \u001b[36m304\u001b[0m 1.806 ms - -\u001b[0m","service":"nayamo-api","timestamp":"2026-04-28 16:13:29"}
{"level":"info","message":"\u001b[0mGET /api/v1/products?page=1 \u001b[36m304\u001b[0m 53.477 ms - -\u001b[0m","service":"nayamo-api","timestamp":"2026-04-28 16:18:29"}
{"level":"info","message":"\u001b[0mGET /api/v1/products?page=1 \u001b[36m304\u001b[0m 1.550 ms - -\u001b[0m","service":"nayamo-api","timestamp":"2026-04-28 16:18:29"}
{"level":"warn","message":"RAZORPAY_WEBHOOK_SECRET is not configured. Razorpay webhooks are disabled.","service":"nayamo-api","timestamp":"2026-04-28 16:19:38"}
{"level":"info","message":"Redis connected","service":"nayamo-api","timestamp":"2026-04-28 16:19:38"}
{"level":"error","message":"UNCAUGHT EXCEPTION! Shutting down...","service":"nayamo-api","timestamp":"2026-04-28 16:19:38"}
{"level":"info","message":"\u001b[0mPOST /api/v1/auth/login \u001b[31m500\u001b[0m 322.239 ms - 575\u001b[0m","service":"nayamo-api","timestamp":"2026-04-28 16:19:50"}
{"level":"warn","message":"RAZORPAY_WEBHOOK_SECRET is not configured. Razorpay webhooks are disabled.","service":"nayamo-api","timestamp":"2026-04-28 16:22:22"}
{"level":"info","message":"Redis connected","service":"nayamo-api","timestamp":"2026-04-28 16:22:22"}
{"level":"info","message":"Server running in development mode on port 5000","service":"nayamo-api","timestamp":"2026-04-28 16:22:23"}
{"level":"info","message":"\u001b[0mGET /api/v1/products?page=1 \u001b[36m304\u001b[0m 2.889 ms - -\u001b[0m","service":"nayamo-api","timestamp":"2026-04-28 16:22:38"}
{"level":"info","message":"\u001b[0mGET /api/v1/products?page=1 \u001b[36m304\u001b[0m 3.471 ms - -\u001b[0m","service":"nayamo-api","timestamp":"2026-04-28 16:22:38"}
{"level":"info","message":"\u001b[0mGET /api/v1/products?sort=popular&page=1 \u001b[36m304\u001b[0m 56.480 ms - -\u001b[0m","service":"nayamo-api","timestamp":"2026-04-28 16:22:38"}
{"level":"info","message":"\u001b[0mGET /api/v1/products?sort=newest&page=1 \u001b[36m304\u001b[0m 59.239 ms - -\u001b[0m","service":"nayamo-api","timestamp":"2026-04-28 16:22:38"}
{"level":"info","message":"\u001b[0mGET /api/v1/products?sort=popular&page=1 \u001b[36m304\u001b[0m 5.099 ms - -\u001b[0m","service":"nayamo-api","timestamp":"2026-04-28 16:22:38"}
{"level":"info","message":"\u001b[0mGET /api/v1/products?sort=newest&page=1 \u001b[36m304\u001b[0m 3.039 ms - -\u001b[0m","service":"nayamo-api","timestamp":"2026-04-28 16:22:38"}
{"level":"info","message":"\u001b[0mGET /api/v1/products?page=1 \u001b[36m304\u001b[0m 1.370 ms - -\u001b[0m","service":"nayamo-api","timestamp":"2026-04-28 16:22:42"}
{"level":"info","message":"\u001b[0mGET /api/v1/products?page=1 \u001b[36m304\u001b[0m 1.301 ms - -\u001b[0m","service":"nayamo-api","timestamp":"2026-04-28 16:22:42"}
{"level":"info","message":"\u001b[0mGET /api/v1/products?page=1 \u001b[36m304\u001b[0m 1.635 ms - -\u001b[0m","service":"nayamo-api","timestamp":"2026-04-28 16:22:46"}
{"level":"info","message":"\u001b[0mGET /api/v1/products?page=1 \u001b[36m304\u001b[0m 4.244 ms - -\u001b[0m","service":"nayamo-api","timestamp":"2026-04-28 16:22:46"}
{"level":"info","message":"\u001b[0mGET /api/v1/products?sort=newest&page=1 \u001b[36m304\u001b[0m 7.047 ms - -\u001b[0m","service":"nayamo-api","timestamp":"2026-04-28 16:22:46"}
{"level":"info","message":"\u001b[0mGET /api/v1/products?sort=popular&page=1 \u001b[36m304\u001b[0m 2.912 ms - -\u001b[0m","service":"nayamo-api","timestamp":"2026-04-28 16:22:46"}
{"level":"info","message":"\u001b[0mGET /api/v1/products?sort=newest&page=1 \u001b[36m304\u001b[0m 4.593 ms - -\u001b[0m","service":"nayamo-api","timestamp":"2026-04-28 16:22:46"}
{"level":"info","message":"\u001b[0mGET /api/v1/products?sort=popular&page=1 \u001b[36m304\u001b[0m 5.348 ms - -\u001b[0m","service":"nayamo-api","timestamp":"2026-04-28 16:22:46"}
{"level":"info","message":"\u001b[0mGET /health \u001b[32m200\u001b[0m 0.697 ms - 183\u001b[0m","service":"nayamo-api","timestamp":"2026-04-28 16:24:33"}
{"level":"warn","message":"RAZORPAY_WEBHOOK_SECRET is not configured. Razorpay webhooks are disabled.","service":"nayamo-api","timestamp":"2026-04-28 16:24:52"}
{"level":"info","message":"Redis connected","service":"nayamo-api","timestamp":"2026-04-28 16:24:52"}
{"level":"info","message":"Server running in development mode on port 5000","service":"nayamo-api","timestamp":"2026-04-28 16:24:53"}
{"level":"info","message":"\u001b[0mGET /health \u001b[32m200\u001b[0m 5.663 ms - 181\u001b[0m","service":"nayamo-api","timestamp":"2026-04-28 16:24:55"}
{"level":"warn","message":"RAZORPAY_WEBHOOK_SECRET is not configured. Razorpay webhooks are disabled.","service":"nayamo-api","timestamp":"2026-04-28 16:39:37"}
{"level":"info","message":"Redis connected","service":"nayamo-api","timestamp":"2026-04-28 16:39:37"}
{"level":"error","message":"UNCAUGHT EXCEPTION! Shutting down...","service":"nayamo-api","timestamp":"2026-04-28 16:39:38"}
{"level":"info","message":"\u001b[0mPOST /api/v1/auth/login \u001b[31m500\u001b[0m 333.425 ms - 575\u001b[0m","service":"nayamo-api","timestamp":"2026-04-28 16:40:07"}
{"level":"warn","message":"RAZORPAY_WEBHOOK_SECRET is not configured. Razorpay webhooks are disabled.","service":"nayamo-api","timestamp":"2026-04-28 16:45:36"}
{"level":"info","message":"Redis connected","service":"nayamo-api","timestamp":"2026-04-28 16:45:36"}
{"level":"warn","message":"RAZORPAY_WEBHOOK_SECRET is not configured. Razorpay webhooks are disabled.","service":"nayamo-api","timestamp":"2026-04-28 16:45:39"}
{"level":"info","message":"Redis connected","service":"nayamo-api","timestamp":"2026-04-28 16:45:39"}
{"level":"warn","message":"RAZORPAY_WEBHOOK_SECRET is not configured. Razorpay webhooks are disabled.","service":"nayamo-api","timestamp":"2026-04-28 16:45:44"}
{"level":"info","message":"Redis connected","service":"nayamo-api","timestamp":"2026-04-28 16:45:44"}
{"level":"info","message":"\u001b[0mPOST /api/v1/auth/login \u001b[33m401\u001b[0m 381.877 ms - 184\u001b[0m","service":"nayamo-api","timestamp":"2026-04-28 16:46:02"}
{"level":"info","message":"\u001b[0mPOST /api/v1/auth/login \u001b[33m400\u001b[0m 1.723 ms - 112\u001b[0m","service":"nayamo-api","timestamp":"2026-04-28 16:46:02"}
{"level":"info","message":"\u001b[0mPOST /api/v1/auth/login \u001b[33m400\u001b[0m 1.239 ms - 117\u001b[0m","service":"nayamo-api","timestamp":"2026-04-28 16:46:02"}
{"level":"info","message":"\u001b[0mPOST /api/v1/auth/login \u001b[33m400\u001b[0m 1.985 ms - 219\u001b[0m","service":"nayamo-api","timestamp":"2026-04-28 16:46:02"}
{"level":"info","message":"SIGTERM received. Shutting down gracefully...","service":"nayamo-api","timestamp":"2026-04-28 16:48:14"}
{"level":"info","message":"HTTP server closed.","service":"nayamo-api","timestamp":"2026-04-28 16:48:14"}
{"level":"info","message":"MongoDB connection closed.","service":"nayamo-api","timestamp":"2026-04-28 16:48:14"}
{"level":"warn","message":"RAZORPAY_WEBHOOK_SECRET is not configured. Razorpay webhooks are disabled.","service":"nayamo-api","timestamp":"2026-04-28 16:48:17"}
{"level":"info","message":"Redis connected","service":"nayamo-api","timestamp":"2026-04-28 16:48:17"}
{"level":"warn","message":"RAZORPAY_WEBHOOK_SECRET is not configured. Razorpay webhooks are disabled.","service":"nayamo-api","timestamp":"2026-04-28 17:00:04"}
{"level":"info","message":"Redis connected","service":"nayamo-api","timestamp":"2026-04-28 17:00:04"}
{"level":"info","message":"Server running in development mode on port 5000","service":"nayamo-api","timestamp":"2026-04-28 17:00:06"}
{"level":"info","message":"\u001b[0mPOST /api/v1/auth/login \u001b[33m401\u001b[0m 501.109 ms - 184\u001b[0m","service":"nayamo-api","timestamp":"2026-04-28 17:00:35"}
{"level":"info","message":"\u001b[0mPOST /api/v1/auth/login \u001b[33m400\u001b[0m 1.870 ms - 112\u001b[0m","service":"nayamo-api","timestamp":"2026-04-28 17:00:35"}
{"level":"info","message":"\u001b[0mPOST /api/v1/auth/login \u001b[33m400\u001b[0m 0.960 ms - 117\u001b[0m","service":"nayamo-api","timestamp":"2026-04-28 17:00:35"}
{"level":"info","message":"\u001b[0mPOST /api/v1/auth/login \u001b[33m400\u001b[0m 0.365 ms - 219\u001b[0m","service":"nayamo-api","timestamp":"2026-04-28 17:00:35"}
{"level":"info","message":"\u001b[0mGET /health \u001b[32m200\u001b[0m 1.572 ms - 183\u001b[0m","service":"nayamo-api","timestamp":"2026-04-28 17:01:49"}
{"level":"info","message":"\u001b[0mPOST /api/v1/auth/login \u001b[33m401\u001b[0m 372.356 ms - 184\u001b[0m","service":"nayamo-api","timestamp":"2026-04-28 17:01:50"}
{"level":"info","message":"\u001b[0mPOST /api/v1/auth/login \u001b[33m400\u001b[0m 0.544 ms - 219\u001b[0m","service":"nayamo-api","timestamp":"2026-04-28 17:01:50"}
{"level":"info","message":"\u001b[0mPOST /api/v1/auth/login \u001b[31m500\u001b[0m 311.312 ms - 575\u001b[0m","service":"nayamo-api","timestamp":"2026-04-28 17:05:51"}
{"level":"info","message":"\u001b[0mPOST /api/v1/auth/login \u001b[31m500\u001b[0m 388.152 ms - 575\u001b[0m","service":"nayamo-api","timestamp":"2026-04-28 17:05:52"}
{"level":"info","message":"\u001b[0mPOST /api/v1/auth/login \u001b[31m500\u001b[0m 271.606 ms - 575\u001b[0m","service":"nayamo-api","timestamp":"2026-04-28 17:06:01"}
{"level":"warn","message":"RAZORPAY_WEBHOOK_SECRET is not configured. Razorpay webhooks are disabled.","service":"nayamo-api","timestamp":"2026-04-28 21:29:48"}
{"level":"info","message":"Redis connected","service":"nayamo-api","timestamp":"2026-04-28 21:29:48"}
{"level":"warn","message":"RAZORPAY_WEBHOOK_SECRET is not configured. Razorpay webhooks are disabled.","service":"nayamo-api","timestamp":"2026-04-28 21:29:59"}
{"level":"info","message":"Redis connected","service":"nayamo-api","timestamp":"2026-04-28 21:29:59"}
{"level":"warn","message":"RAZORPAY_WEBHOOK_SECRET is not configured. Razorpay webhooks are disabled.","service":"nayamo-api","timestamp":"2026-04-28 21:30:00"}
{"level":"warn","message":"RAZORPAY_WEBHOOK_SECRET is not configured. Razorpay webhooks are disabled.","service":"nayamo-api","timestamp":"2026-04-28 21:36:21"}
{"level":"info","message":"Redis connected","service":"nayamo-api","timestamp":"2026-04-28 21:36:22"}
{"level":"warn","message":"RAZORPAY_WEBHOOK_SECRET is not configured. Razorpay webhooks are disabled.","service":"nayamo-api","timestamp":"2026-04-28 21:42:15"}
{"level":"info","message":"Redis connected","service":"nayamo-api","timestamp":"2026-04-28 21:42:15"}
{"level":"warn","message":"RAZORPAY_WEBHOOK_SECRET is not configured. Razorpay webhooks are disabled.","service":"nayamo-api","timestamp":"2026-04-28 21:42:30"}
{"level":"info","message":"Redis connected","service":"nayamo-api","timestamp":"2026-04-28 21:42:30"}
{"level":"warn","message":"RAZORPAY_WEBHOOK_SECRET is not configured. Razorpay webhooks are disabled.","service":"nayamo-api","timestamp":"2026-04-28 21:50:33"}
{"level":"info","message":"Redis connected","service":"nayamo-api","timestamp":"2026-04-28 21:50:33"}
{"level":"warn","message":"RAZORPAY_WEBHOOK_SECRET is not configured. Razorpay webhooks are disabled.","service":"nayamo-api","timestamp":"2026-04-28 21:53:36"}
{"level":"info","message":"Redis connected","service":"nayamo-api","timestamp":"2026-04-28 21:53:36"}
{"level":"info","message":"Server running in development mode on port 5000","service":"nayamo-api","timestamp":"2026-04-28 21:53:41"}
{"level":"warn","message":"RAZORPAY_WEBHOOK_SECRET is not configured. Razorpay webhooks are disabled.","service":"nayamo-api","timestamp":"2026-04-28 21:54:33"}
{"level":"info","message":"Redis connected","service":"nayamo-api","timestamp":"2026-04-28 21:54:33"}
{"level":"info","message":"Server running in development mode on port 5000","service":"nayamo-api","timestamp":"2026-04-28 21:54:38"}
{"level":"warn","message":"RAZORPAY_WEBHOOK_SECRET is not configured. Razorpay webhooks are disabled.","service":"nayamo-api","timestamp":"2026-04-28 21:55:19"}
{"level":"info","message":"Redis connected","service":"nayamo-api","timestamp":"2026-04-28 21:55:19"}
{"level":"info","message":"Server running in development mode on port 5000","service":"nayamo-api","timestamp":"2026-04-28 21:55:24"}
{"level":"warn","message":"⚠️ Server started WITHOUT database connection. Login and other DB-dependent routes will return 503 until MongoDB is available.","service":"nayamo-api","timestamp":"2026-04-28 21:55:24"}
{"level":"info","message":"SIGINT received. Shutting down gracefully...","service":"nayamo-api","timestamp":"2026-04-28 22:07:50"}
{"level":"info","message":"HTTP server closed.","service":"nayamo-api","timestamp":"2026-04-28 22:07:50"}
{"level":"info","message":"MongoDB connection closed.","service":"nayamo-api","timestamp":"2026-04-28 22:07:50"}
{"level":"info","message":"Redis connection closed.","service":"nayamo-api","timestamp":"2026-04-28 22:07:50"}
{"level":"warn","message":"RAZORPAY_WEBHOOK_SECRET is not configured. Razorpay webhooks are disabled.","service":"nayamo-api","timestamp":"2026-04-28 22:09:03"}
{"level":"info","message":"Redis connected","service":"nayamo-api","timestamp":"2026-04-28 22:09:03"}
{"level":"info","message":"Server running in development mode on port 5000","service":"nayamo-api","timestamp":"2026-04-28 22:09:05"}
{"level":"info","message":"\u001b[0mPOST /api/v1/auth/login \u001b[31m500\u001b[0m 511.590 ms - 575\u001b[0m","service":"nayamo-api","timestamp":"2026-04-28 22:09:15"}
{"level":"info","message":"\u001b[0mGET /api/v1/auth/login \u001b[33m404\u001b[0m 1.968 ms - -\u001b[0m","service":"nayamo-api","timestamp":"2026-04-28 22:14:31"}
{"level":"info","message":"\u001b[0mGET /favicon.ico \u001b[33m404\u001b[0m 0.739 ms - -\u001b[0m","service":"nayamo-api","timestamp":"2026-04-28 22:14:31"}
{"level":"info","message":"\u001b[0mPOST /api/v1/auth/login \u001b[31m500\u001b[0m 550.799 ms - 575\u001b[0m","service":"nayamo-api","timestamp":"2026-04-28 22:22:12"}
{"level":"info","message":"\u001b[0mPOST /api/v1/auth/login \u001b[33m401\u001b[0m 33.760 ms - 268\u001b[0m","service":"nayamo-api","timestamp":"2026-04-28 22:28:44"}
{"level":"info","message":"\u001b[0mPOST /api/v1/auth/login \u001b[31m500\u001b[0m 364.211 ms - 575\u001b[0m","service":"nayamo-api","timestamp":"2026-04-28 22:29:08"}
{"level":"info","message":"\u001b[0mPOST /api/v1/auth/login \u001b[33m401\u001b[0m 129.788 ms - 268\u001b[0m","service":"nayamo-api","timestamp":"2026-04-28 22:29:55"}
{"level":"info","message":"\u001b[0mPOST /api/v1/auth/login \u001b[33m401\u001b[0m 45.677 ms - 268\u001b[0m","service":"nayamo-api","timestamp":"2026-04-28 22:30:57"}
{"level":"warn","message":"RAZORPAY_WEBHOOK_SECRET is not configured. Razorpay webhooks are disabled.","service":"nayamo-api","timestamp":"2026-04-28 22:33:29"}
{"level":"info","message":"Redis connected","service":"nayamo-api","timestamp":"2026-04-28 22:33:29"}
{"level":"info","message":"Server running in development mode on port 5000","service":"nayamo-api","timestamp":"2026-04-28 22:33:34"}
{"level":"warn","message":"⚠️ Server started WITHOUT database connection. Login and other DB-dependent routes will return 503 until MongoDB is available.","service":"nayamo-api","timestamp":"2026-04-28 22:33:34"}
{"level":"warn","message":"RAZORPAY_WEBHOOK_SECRET is not configured. Razorpay webhooks are disabled.","service":"nayamo-api","timestamp":"2026-04-28 22:34:13"}
{"level":"info","message":"Redis connected","service":"nayamo-api","timestamp":"2026-04-28 22:34:13"}
{"level":"info","message":"Server running in development mode on port 5000","service":"nayamo-api","timestamp":"2026-04-28 22:34:18"}
{"level":"warn","message":"⚠️ Server started WITHOUT database connection. Login and other DB-dependent routes will return 503 until MongoDB is available.","service":"nayamo-api","timestamp":"2026-04-28 22:34:18"}
{"level":"warn","message":"RAZORPAY_WEBHOOK_SECRET is not configured. Razorpay webhooks are disabled.","service":"nayamo-api","timestamp":"2026-04-28 22:35:15"}
{"level":"info","message":"Redis connected","service":"nayamo-api","timestamp":"2026-04-28 22:35:15"}
{"level":"info","message":"Server running in development mode on port 5000","service":"nayamo-api","timestamp":"2026-04-28 22:35:20"}
{"level":"warn","message":"⚠️ Server started WITHOUT database connection. Login and other DB-dependent routes will return 503 until MongoDB is available.","service":"nayamo-api","timestamp":"2026-04-28 22:35:20"}
{"level":"warn","message":"RAZORPAY_WEBHOOK_SECRET is not configured. Razorpay webhooks are disabled.","service":"nayamo-api","timestamp":"2026-04-28 22:38:31"}
{"level":"info","message":"Redis connected","service":"nayamo-api","timestamp":"2026-04-28 22:38:31"}
{"level":"info","message":"Server running in development mode on port 5000","service":"nayamo-api","timestamp":"2026-04-28 22:38:36"}
{"level":"warn","message":"⚠️ Server started WITHOUT database connection. Login and other DB-dependent routes will return 503 until MongoDB is available.","service":"nayamo-api","timestamp":"2026-04-28 22:38:36"}
{"level":"info","message":"\u001b[0mPOST /api/v1/auth/login \u001b[31m503\u001b[0m 3.217 ms - 157\u001b[0m","service":"nayamo-api","timestamp":"2026-04-28 22:42:11"}
{"level":"warn","message":"RAZORPAY_WEBHOOK_SECRET is not configured. Razorpay webhooks are disabled.","service":"nayamo-api","timestamp":"2026-04-28 22:45:54"}
{"level":"info","message":"Redis connected","service":"nayamo-api","timestamp":"2026-04-28 22:45:54"}
{"level":"error","message":"UNCAUGHT EXCEPTION! Shutting down...","service":"nayamo-api","timestamp":"2026-04-28 22:45:55"}
{"level":"warn","message":"RAZORPAY_WEBHOOK_SECRET is not configured. Razorpay webhooks are disabled.","service":"nayamo-api","timestamp":"2026-04-28 22:46:28"}
{"level":"warn","message":"RAZORPAY_WEBHOOK_SECRET is not configured. Razorpay webhooks are disabled.","service":"nayamo-api","timestamp":"2026-04-28 22:46:30"}
{"level":"info","message":"Redis connected","service":"nayamo-api","timestamp":"2026-04-28 22:46:30"}
{"level":"info","message":"Server running in development mode on port 5000","service":"nayamo-api","timestamp":"2026-04-28 22:46:30"}
{"level":"warn","message":"RAZORPAY_WEBHOOK_SECRET is not configured. Razorpay webhooks are disabled.","service":"nayamo-api","timestamp":"2026-04-28 22:46:39"}
{"level":"info","message":"Redis connected","service":"nayamo-api","timestamp":"2026-04-28 22:46:39"}
{"level":"error","message":"UNCAUGHT EXCEPTION! Shutting down...","service":"nayamo-api","timestamp":"2026-04-28 22:46:41"}
{"level":"info","message":"\u001b[0mGET /health \u001b[32m200\u001b[0m 2.404 ms - 182\u001b[0m","service":"nayamo-api","timestamp":"2026-04-28 22:47:29"}
{"level":"info","message":"\u001b[0mPOST /api/v1/auth/login \u001b[31m500\u001b[0m 402.159 ms - 575\u001b[0m","service":"nayamo-api","timestamp":"2026-04-28 22:48:34"}
{"level":"warn","message":"RAZORPAY_WEBHOOK_SECRET is not configured. Razorpay webhooks are disabled.","service":"nayamo-api","timestamp":"2026-04-28 22:48:57"}
{"level":"info","message":"Redis connected","service":"nayamo-api","timestamp":"2026-04-28 22:48:57"}
{"level":"info","message":"Server running in development mode on port 5000","service":"nayamo-api","timestamp":"2026-04-28 22:48:58"}
{"level":"warn","message":"RAZORPAY_WEBHOOK_SECRET is not configured. Razorpay webhooks are disabled.","service":"nayamo-api","timestamp":"2026-04-28 22:49:03"}
{"level":"warn","message":"RAZORPAY_WEBHOOK_SECRET is not configured. Razorpay webhooks are disabled.","service":"nayamo-api","timestamp":"2026-04-28 22:49:46"}
{"level":"info","message":"Redis connected","service":"nayamo-api","timestamp":"2026-04-28 22:49:46"}
{"level":"info","message":"Server running in development mode on port 5000","service":"nayamo-api","timestamp":"2026-04-28 22:49:46"}
{"level":"info","message":"\u001b[0mPOST /api/v1/auth/login \u001b[31m500\u001b[0m 394.760 ms - 575\u001b[0m","service":"nayamo-api","timestamp":"2026-04-28 22:50:36"}
{"level":"warn","message":"RAZORPAY_WEBHOOK_SECRET is not configured. Razorpay webhooks are disabled.","service":"nayamo-api","timestamp":"2026-04-28 22:51:28"}
{"level":"info","message":"Redis connected","service":"nayamo-api","timestamp":"2026-04-28 22:51:28"}
{"level":"warn","message":"RAZORPAY_WEBHOOK_SECRET is not configured. Razorpay webhooks are disabled.","service":"nayamo-api","timestamp":"2026-04-28 22:51:28"}
{"level":"info","message":"Server running in development mode on port 5000","service":"nayamo-api","timestamp":"2026-04-28 22:51:29"}
{"level":"info","message":"SIGINT received. Shutting down gracefully...","service":"nayamo-api","timestamp":"2026-04-28 22:51:31"}
{"level":"info","message":"HTTP server closed.","service":"nayamo-api","timestamp":"2026-04-28 22:51:31"}
{"level":"info","message":"MongoDB connection closed.","service":"nayamo-api","timestamp":"2026-04-28 22:51:31"}
{"level":"info","message":"Redis connection closed.","service":"nayamo-api","timestamp":"2026-04-28 22:51:31"}
{"level":"warn","message":"RAZORPAY_WEBHOOK_SECRET is not configured. Razorpay webhooks are disabled.","service":"nayamo-api","timestamp":"2026-04-28 22:51:34"}
{"level":"info","message":"Redis connected","service":"nayamo-api","timestamp":"2026-04-28 22:51:34"}
{"level":"info","message":"Server running in development mode on port 5000","service":"nayamo-api","timestamp":"2026-04-28 22:51:34"}
{"level":"info","message":"\u001b[0mPOST /api/v1/auth/login \u001b[31m500\u001b[0m 411.526 ms - 574\u001b[0m","service":"nayamo-api","timestamp":"2026-04-28 22:51:51"}
{"level":"warn","message":"RAZORPAY_WEBHOOK_SECRET is not configured. Razorpay webhooks are disabled.","service":"nayamo-api","timestamp":"2026-04-28 22:52:30"}
{"level":"info","message":"Redis connected","service":"nayamo-api","timestamp":"2026-04-28 22:52:30"}
{"level":"info","message":"Server running in development mode on port 5000","service":"nayamo-api","timestamp":"2026-04-28 22:52:31"}
{"level":"info","message":"User logged in: anshulshakya5632@gmail.com","service":"nayamo-api","timestamp":"2026-04-28 22:52:35"}
{"level":"info","message":"\u001b[0mPOST /api/v1/auth/login \u001b[32m200\u001b[0m 410.505 ms - 625\u001b[0m","service":"nayamo-api","timestamp":"2026-04-28 22:52:35"}
{"level":"info","message":"User logged in: anshulshakya5632@gmail.com","service":"nayamo-api","timestamp":"2026-04-28 22:53:16"}
{"level":"info","message":"\u001b[0mPOST /api/v1/auth/login \u001b[32m200\u001b[0m 434.774 ms - 625\u001b[0m","service":"nayamo-api","timestamp":"2026-04-28 22:53:16"}
{"level":"info","message":"\u001b[0mGET /api/v1/auth/profile \u001b[32m200\u001b[0m 69.380 ms - 259\u001b[0m","service":"nayamo-api","timestamp":"2026-04-28 22:53:17"}
{"level":"info","message":"\u001b[0mGET /api/v1/auth/profile \u001b[36m304\u001b[0m 67.117 ms - -\u001b[0m","service":"nayamo-api","timestamp":"2026-04-28 22:53:17"}
{"level":"info","message":"\u001b[0mGET /api/v1/admin/orders?limit=100 \u001b[32m200\u001b[0m 83.344 ms - 106\u001b[0m","service":"nayamo-api","timestamp":"2026-04-28 22:53:17"}
{"level":"info","message":"\u001b[0mGET /api/v1/admin/orders?limit=100 \u001b[36m304\u001b[0m 82.762 ms - -\u001b[0m","service":"nayamo-api","timestamp":"2026-04-28 22:53:17"}
{"level":"info","message":"\u001b[0mGET /api/v1/admin/dashboard \u001b[32m200\u001b[0m 342.350 ms - 655\u001b[0m","service":"nayamo-api","timestamp":"2026-04-28 22:53:17"}
{"level":"info","message":"\u001b[0mGET /api/v1/admin/dashboard \u001b[36m304\u001b[0m 322.271 ms - -\u001b[0m","service":"nayamo-api","timestamp":"2026-04-28 22:53:17"}
{"level":"info","message":"\u001b[0mGET /api/v1/admin/orders?page=1&limit=20&status=pending \u001b[32m200\u001b[0m 74.363 ms - 105\u001b[0m","service":"nayamo-api","timestamp":"2026-04-28 22:53:25"}
{"level":"info","message":"\u001b[0mGET /api/v1/admin/orders?page=1&limit=20&status=pending \u001b[36m304\u001b[0m 69.770 ms - -\u001b[0m","service":"nayamo-api","timestamp":"2026-04-28 22:53:25"}
{"level":"info","message":"\u001b[0mGET /api/v1/admin/products?limit=100 \u001b[32m200\u001b[0m 92.034 ms - 106\u001b[0m","service":"nayamo-api","timestamp":"2026-04-28 22:53:26"}
{"level":"info","message":"\u001b[0mGET /api/v1/admin/products?limit=100 \u001b[36m304\u001b[0m 70.793 ms - -\u001b[0m","service":"nayamo-api","timestamp":"2026-04-28 22:53:26"}
{"level":"info","message":"\u001b[0mGET /api/v1/admin/orders?page=1&limit=20 \u001b[32m200\u001b[0m 73.836 ms - 105\u001b[0m","service":"nayamo-api","timestamp":"2026-04-28 22:53:29"}
{"level":"info","message":"\u001b[0mGET /api/v1/admin/orders?page=1&limit=20 \u001b[36m304\u001b[0m 69.770 ms - -\u001b[0m","service":"nayamo-api","timestamp":"2026-04-28 22:53:29"}
{"level":"info","message":"\u001b[0mGET /api/v1/admin/dashboard \u001b[36m304\u001b[0m 291.716 ms - -\u001b[0m","service":"nayamo-api","timestamp":"2026-04-28 22:53:31"}
{"level":"info","message":"\u001b[0mGET /api/v1/admin/dashboard \u001b[36m304\u001b[0m 139.537 ms - -\u001b[0m","service":"nayamo-api","timestamp":"2026-04-28 22:53:31"}
{"level":"info","message":"\u001b[0mGET /api/v1/admin/orders?status=returned&limit=100 \u001b[32m200\u001b[0m 73.144 ms - 106\u001b[0m","service":"nayamo-api","timestamp":"2026-04-28 22:53:32"}
{"level":"info","message":"\u001b[0mGET /api/v1/admin/orders?status=returned&limit=100 \u001b[36m304\u001b[0m 69.753 ms - -\u001b[0m","service":"nayamo-api","timestamp":"2026-04-28 22:53:32"}
{"level":"info","message":"\u001b[0mGET /api/v1/admin/orders?limit=100 \u001b[36m304\u001b[0m 61.366 ms - -\u001b[0m","service":"nayamo-api","timestamp":"2026-04-28 22:53:38"}
{"level":"info","message":"\u001b[0mGET /api/v1/admin/orders?limit=100 \u001b[36m304\u001b[0m 83.864 ms - -\u001b[0m","service":"nayamo-api","timestamp":"2026-04-28 22:53:38"}
{"level":"info","message":"\u001b[0mGET /api/v1/admin/dashboard \u001b[36m304\u001b[0m 515.428 ms - -\u001b[0m","service":"nayamo-api","timestamp":"2026-04-28 22:53:38"}
{"level":"info","message":"\u001b[0mGET /api/v1/admin/dashboard \u001b[36m304\u001b[0m 297.488 ms - -\u001b[0m","service":"nayamo-api","timestamp":"2026-04-28 22:53:39"}
{"level":"info","message":"\u001b[0mGET /api/v1/products?page=1 \u001b[36m304\u001b[0m 58.867 ms - -\u001b[0m","service":"nayamo-api","timestamp":"2026-04-28 23:00:50"}
{"level":"info","message":"\u001b[0mGET /api/v1/products?sort=newest&page=1 \u001b[36m304\u001b[0m 61.550 ms - -\u001b[0m","service":"nayamo-api","timestamp":"2026-04-28 23:00:50"}
{"level":"info","message":"\u001b[0mGET /api/v1/products?page=1 \u001b[36m304\u001b[0m 2.726 ms - -\u001b[0m","service":"nayamo-api","timestamp":"2026-04-28 23:00:50"}
{"level":"info","message":"\u001b[0mGET /api/v1/products?sort=newest&page=1 \u001b[36m304\u001b[0m 0.938 ms - -\u001b[0m","service":"nayamo-api","timestamp":"2026-04-28 23:00:50"}
{"level":"info","message":"\u001b[0mGET /api/v1/products?sort=popular&page=1 \u001b[36m304\u001b[0m 503.787 ms - -\u001b[0m","service":"nayamo-api","timestamp":"2026-04-28 23:00:51"}
{"level":"info","message":"\u001b[0mGET /api/v1/products?sort=popular&page=1 \u001b[36m304\u001b[0m 5.099 ms - -\u001b[0m","service":"nayamo-api","timestamp":"2026-04-28 23:00:51"}
{"level":"info","message":"\u001b[0mPOST /api/v1/auth/login \u001b[33m401\u001b[0m 37.404 ms - 268\u001b[0m","service":"nayamo-api","timestamp":"2026-04-28 23:01:09"}
{"level":"info","message":"User logged in: anshulshakya5632@gmail.com","service":"nayamo-api","timestamp":"2026-04-28 23:01:12"}
{"level":"info","message":"\u001b[0mPOST /api/v1/auth/login \u001b[32m200\u001b[0m 497.969 ms - 625\u001b[0m","service":"nayamo-api","timestamp":"2026-04-28 23:01:12"}
{"level":"info","message":"\u001b[0mGET /api/v1/products?page=1 \u001b[36m304\u001b[0m 1.572 ms - -\u001b[0m","service":"nayamo-api","timestamp":"2026-04-28 23:01:12"}
{"level":"info","message":"\u001b[0mGET /api/v1/products?sort=newest&page=1 \u001b[36m304\u001b[0m 6.022 ms - -\u001b[0m","service":"nayamo-api","timestamp":"2026-04-28 23:01:12"}
{"level":"info","message":"\u001b[0mGET /api/v1/products?sort=popular&page=1 \u001b[36m304\u001b[0m 4.397 ms - -\u001b[0m","service":"nayamo-api","timestamp":"2026-04-28 23:01:12"}
{"level":"info","message":"\u001b[0mGET /api/v1/products?page=1 \u001b[36m304\u001b[0m 7.270 ms - -\u001b[0m","service":"nayamo-api","timestamp":"2026-04-28 23:01:12"}
{"level":"info","message":"\u001b[0mGET /api/v1/products?sort=newest&page=1 \u001b[36m304\u001b[0m 3.818 ms - -\u001b[0m","service":"nayamo-api","timestamp":"2026-04-28 23:01:12"}
{"level":"info","message":"\u001b[0mGET /api/v1/products?sort=popular&page=1 \u001b[36m304\u001b[0m 3.276 ms - -\u001b[0m","service":"nayamo-api","timestamp":"2026-04-28 23:01:12"}
{"level":"info","message":"\u001b[0mGET /api/v1/orders \u001b[32m200\u001b[0m 72.231 ms - 105\u001b[0m","service":"nayamo-api","timestamp":"2026-04-28 23:01:18"}
{"level":"info","message":"\u001b[0mGET /api/v1/orders \u001b[36m304\u001b[0m 69.512 ms - -\u001b[0m","service":"nayamo-api","timestamp":"2026-04-28 23:01:18"}
{"level":"info","message":"\u001b[0mGET /api/v1/products?page=1 \u001b[36m304\u001b[0m 1.905 ms - -\u001b[0m","service":"nayamo-api","timestamp":"2026-04-28 23:01:36"}
{"level":"info","message":"\u001b[0mGET /api/v1/products?sort=newest&page=1 \u001b[36m304\u001b[0m 1.380 ms - -\u001b[0m","service":"nayamo-api","timestamp":"2026-04-28 23:01:36"}
{"level":"info","message":"\u001b[0mGET /api/v1/products?sort=popular&page=1 \u001b[36m304\u001b[0m 3.173 ms - -\u001b[0m","service":"nayamo-api","timestamp":"2026-04-28 23:01:36"}
{"level":"info","message":"\u001b[0mGET /api/v1/products?page=1 \u001b[36m304\u001b[0m 2.778 ms - -\u001b[0m","service":"nayamo-api","timestamp":"2026-04-28 23:01:36"}
{"level":"info","message":"\u001b[0mGET /api/v1/products?sort=newest&page=1 \u001b[36m304\u001b[0m 4.703 ms - -\u001b[0m","service":"nayamo-api","timestamp":"2026-04-28 23:01:36"}
{"level":"info","message":"\u001b[0mGET /api/v1/products?sort=popular&page=1 \u001b[36m304\u001b[0m 2.956 ms - -\u001b[0m","service":"nayamo-api","timestamp":"2026-04-28 23:01:36"}
{"level":"info","message":"\u001b[0mGET /api/v1/admin/orders?limit=100 \u001b[36m304\u001b[0m 119.740 ms - -\u001b[0m","service":"nayamo-api","timestamp":"2026-04-28 23:01:50"}
{"level":"info","message":"\u001b[0mGET /api/v1/admin/orders?limit=100 \u001b[36m304\u001b[0m 64.056 ms - -\u001b[0m","service":"nayamo-api","timestamp":"2026-04-28 23:01:50"}
{"level":"info","message":"\u001b[0mGET /api/v1/admin/dashboard \u001b[36m304\u001b[0m 291.443 ms - -\u001b[0m","service":"nayamo-api","timestamp":"2026-04-28 23:01:51"}
{"level":"info","message":"\u001b[0mGET /api/v1/admin/dashboard \u001b[36m304\u001b[0m 529.172 ms - -\u001b[0m","service":"nayamo-api","timestamp":"2026-04-28 23:01:51"}
{"level":"info","message":"\u001b[0mGET /api/v1/auth/profile \u001b[32m200\u001b[0m 72.316 ms - 259\u001b[0m","service":"nayamo-api","timestamp":"2026-04-28 23:01:53"}
{"level":"info","message":"\u001b[0mGET /api/v1/auth/profile \u001b[36m304\u001b[0m 68.252 ms - -\u001b[0m","service":"nayamo-api","timestamp":"2026-04-28 23:01:54"}
{"level":"info","message":"\u001b[0mGET /api/v1/admin/orders?limit=100 \u001b[36m304\u001b[0m 122.543 ms - -\u001b[0m","service":"nayamo-api","timestamp":"2026-04-28 23:01:54"}
{"level":"info","message":"\u001b[0mGET /api/v1/admin/orders?limit=100 \u001b[36m304\u001b[0m 64.449 ms - -\u001b[0m","service":"nayamo-api","timestamp":"2026-04-28 23:01:54"}
{"level":"info","message":"\u001b[0mGET /api/v1/admin/dashboard \u001b[36m304\u001b[0m 322.183 ms - -\u001b[0m","service":"nayamo-api","timestamp":"2026-04-28 23:01:54"}
{"level":"info","message":"\u001b[0mGET /api/v1/admin/dashboard \u001b[36m304\u001b[0m 286.673 ms - -\u001b[0m","service":"nayamo-api","timestamp":"2026-04-28 23:01:54"}
{"level":"info","message":"\u001b[0mGET /api/v1/products?page=1 \u001b[36m304\u001b[0m 0.862 ms - -\u001b[0m","service":"nayamo-api","timestamp":"2026-04-28 23:04:50"}
{"level":"info","message":"\u001b[0mGET /api/v1/products?page=1 \u001b[36m304\u001b[0m 0.785 ms - -\u001b[0m","service":"nayamo-api","timestamp":"2026-04-28 23:04:50"}
{"level":"info","message":"User logged out: anshulshakya5632@gmail.com","service":"nayamo-api","timestamp":"2026-04-28 23:05:11"}
{"level":"info","message":"\u001b[0mPOST /api/v1/auth/logout \u001b[32m200\u001b[0m 78.398 ms - 52\u001b[0m","service":"nayamo-api","timestamp":"2026-04-28 23:05:11"}
{"level":"info","message":"\u001b[0mGET /api/v1/products?page=1 \u001b[36m304\u001b[0m 0.625 ms - -\u001b[0m","service":"nayamo-api","timestamp":"2026-04-28 23:05:11"}
{"level":"info","message":"\u001b[0mGET /api/v1/products?sort=newest&page=1 \u001b[36m304\u001b[0m 2.668 ms - -\u001b[0m","service":"nayamo-api","timestamp":"2026-04-28 23:05:11"}
{"level":"info","message":"\u001b[0mGET /api/v1/products?page=1 \u001b[36m304\u001b[0m 2.238 ms - -\u001b[0m","service":"nayamo-api","timestamp":"2026-04-28 23:05:11"}
{"level":"info","message":"\u001b[0mGET /api/v1/products?sort=popular&page=1 \u001b[36m304\u001b[0m 1.764 ms - -\u001b[0m","service":"nayamo-api","timestamp":"2026-04-28 23:05:11"}
{"level":"info","message":"\u001b[0mGET /api/v1/products?sort=newest&page=1 \u001b[36m304\u001b[0m 0.866 ms - -\u001b[0m","service":"nayamo-api","timestamp":"2026-04-28 23:05:11"}
{"level":"info","message":"\u001b[0mGET /api/v1/products?sort=popular&page=1 \u001b[36m304\u001b[0m 0.568 ms - -\u001b[0m","service":"nayamo-api","timestamp":"2026-04-28 23:05:11"}
{"level":"info","message":"User logged in: anshulshakya5632@gmail.com","service":"nayamo-api","timestamp":"2026-04-28 23:05:16"}
{"level":"info","message":"\u001b[0mPOST /api/v1/auth/login \u001b[32m200\u001b[0m 475.452 ms - 625\u001b[0m","service":"nayamo-api","timestamp":"2026-04-28 23:05:16"}
{"level":"info","message":"\u001b[0mGET /api/v1/products?page=1 \u001b[36m304\u001b[0m 0.973 ms - -\u001b[0m","service":"nayamo-api","timestamp":"2026-04-28 23:05:16"}
{"level":"info","message":"\u001b[0mGET /api/v1/products?sort=newest&page=1 \u001b[36m304\u001b[0m 2.617 ms - -\u001b[0m","service":"nayamo-api","timestamp":"2026-04-28 23:05:16"}
{"level":"info","message":"\u001b[0mGET /api/v1/products?sort=popular&page=1 \u001b[36m304\u001b[0m 1.935 ms - -\u001b[0m","service":"nayamo-api","timestamp":"2026-04-28 23:05:16"}
{"level":"info","message":"\u001b[0mGET /api/v1/products?page=1 \u001b[36m304\u001b[0m 1.375 ms - -\u001b[0m","service":"nayamo-api","timestamp":"2026-04-28 23:05:16"}
{"level":"info","message":"\u001b[0mGET /api/v1/products?sort=newest&page=1 \u001b[36m304\u001b[0m 1.017 ms - -\u001b[0m","service":"nayamo-api","timestamp":"2026-04-28 23:05:16"}
{"level":"info","message":"\u001b[0mGET /api/v1/products?sort=popular&page=1 \u001b[36m304\u001b[0m 0.917 ms - -\u001b[0m","service":"nayamo-api","timestamp":"2026-04-28 23:05:16"}
{"level":"info","message":"\u001b[0mGET /api/v1/products?page=1 \u001b[36m304\u001b[0m 4.084 ms - -\u001b[0m","service":"nayamo-api","timestamp":"2026-04-28 23:05:20"}
{"level":"info","message":"\u001b[0mGET /api/v1/products?sort=newest&page=1 \u001b[36m304\u001b[0m 2.944 ms - -\u001b[0m","service":"nayamo-api","timestamp":"2026-04-28 23:05:20"}
{"level":"info","message":"\u001b[0mGET /api/v1/products?sort=popular&page=1 \u001b[36m304\u001b[0m 4.055 ms - -\u001b[0m","service":"nayamo-api","timestamp":"2026-04-28 23:05:20"}
{"level":"info","message":"\u001b[0mGET /api/v1/products?page=1 \u001b[36m304\u001b[0m 1.282 ms - -\u001b[0m","service":"nayamo-api","timestamp":"2026-04-28 23:05:20"}
{"level":"info","message":"\u001b[0mGET /api/v1/products?sort=newest&page=1 \u001b[36m304\u001b[0m 2.111 ms - -\u001b[0m","service":"nayamo-api","timestamp":"2026-04-28 23:05:20"}
{"level":"info","message":"\u001b[0mGET /api/v1/products?sort=popular&page=1 \u001b[36m304\u001b[0m 2.450 ms - -\u001b[0m","service":"nayamo-api","timestamp":"2026-04-28 23:05:20"}
{"level":"info","message":"\u001b[0mGET /api/v1/products?page=1 \u001b[36m304\u001b[0m 57.742 ms - -\u001b[0m","service":"nayamo-api","timestamp":"2026-04-28 23:05:54"}
{"level":"info","message":"\u001b[0mGET /api/v1/products?sort=newest&page=1 \u001b[36m304\u001b[0m 54.623 ms - -\u001b[0m","service":"nayamo-api","timestamp":"2026-04-28 23:05:54"}
{"level":"info","message":"\u001b[0mGET /api/v1/products?page=1 \u001b[36m304\u001b[0m 2.049 ms - -\u001b[0m","service":"nayamo-api","timestamp":"2026-04-28 23:05:54"}
{"level":"info","message":"\u001b[0mGET /api/v1/products?sort=newest&page=1 \u001b[36m304\u001b[0m 1.815 ms - -\u001b[0m","service":"nayamo-api","timestamp":"2026-04-28 23:05:54"}
{"level":"info","message":"\u001b[0mGET /api/v1/products?sort=popular&page=1 \u001b[36m304\u001b[0m 591.510 ms - -\u001b[0m","service":"nayamo-api","timestamp":"2026-04-28 23:05:54"}
{"level":"info","message":"\u001b[0mGET /api/v1/products?sort=popular&page=1 \u001b[36m304\u001b[0m 2.056 ms - -\u001b[0m","service":"nayamo-api","timestamp":"2026-04-28 23:05:54"}
{"level":"info","message":"\u001b[0mGET /api/v1/products?page=1 \u001b[36m304\u001b[0m 2.042 ms - -\u001b[0m","service":"nayamo-api","timestamp":"2026-04-28 23:06:52"}
{"level":"info","message":"\u001b[0mGET /api/v1/products?page=1 \u001b[36m304\u001b[0m 1.605 ms - -\u001b[0m","service":"nayamo-api","timestamp":"2026-04-28 23:06:52"}
{"level":"info","message":"\u001b[0mGET /api/v1/products?page=1 \u001b[36m304\u001b[0m 1.352 ms - -\u001b[0m","service":"nayamo-api","timestamp":"2026-04-28 23:07:17"}
{"level":"info","message":"\u001b[0mGET /api/v1/products?page=1 \u001b[36m304\u001b[0m 1.433 ms - -\u001b[0m","service":"nayamo-api","timestamp":"2026-04-28 23:07:17"}
{"level":"info","message":"\u001b[0mGET /api/v1/products?page=1 \u001b[36m304\u001b[0m 1.104 ms - -\u001b[0m","service":"nayamo-api","timestamp":"2026-04-28 23:07:28"}
{"level":"info","message":"\u001b[0mGET /api/v1/products?sort=newest&page=1 \u001b[36m304\u001b[0m 3.974 ms - -\u001b[0m","service":"nayamo-api","timestamp":"2026-04-28 23:07:28"}
{"level":"info","message":"\u001b[0mGET /api/v1/products?page=1 \u001b[36m304\u001b[0m 2.328 ms - -\u001b[0m","service":"nayamo-api","timestamp":"2026-04-28 23:07:28"}
{"level":"info","message":"\u001b[0mGET /api/v1/products?sort=popular&page=1 \u001b[36m304\u001b[0m 3.246 ms - -\u001b[0m","service":"nayamo-api","timestamp":"2026-04-28 23:07:28"}
{"level":"info","message":"\u001b[0mGET /api/v1/products?sort=newest&page=1 \u001b[36m304\u001b[0m 1.477 ms - -\u001b[0m","service":"nayamo-api","timestamp":"2026-04-28 23:07:28"}
{"level":"info","message":"\u001b[0mGET /api/v1/products?sort=popular&page=1 \u001b[36m304\u001b[0m 1.454 ms - -\u001b[0m","service":"nayamo-api","timestamp":"2026-04-28 23:07:28"}
{"level":"info","message":"\u001b[0mGET /api/v1/products?page=1 \u001b[36m304\u001b[0m 1.017 ms - -\u001b[0m","service":"nayamo-api","timestamp":"2026-04-28 23:07:29"}
{"level":"info","message":"\u001b[0mGET /api/v1/products?page=1 \u001b[36m304\u001b[0m 2.837 ms - -\u001b[0m","service":"nayamo-api","timestamp":"2026-04-28 23:07:29"}
{"level":"info","message":"User logged in: anshulshakya5632@gmail.com","service":"nayamo-api","timestamp":"2026-04-28 23:14:38"}
{"level":"info","message":"\u001b[0mPOST /api/v1/auth/login \u001b[32m200\u001b[0m 501.799 ms - 625\u001b[0m","service":"nayamo-api","timestamp":"2026-04-28 23:14:38"}
{"level":"info","message":"\u001b[0mGET /api/v1/auth/profile \u001b[32m200\u001b[0m 83.893 ms - 259\u001b[0m","service":"nayamo-api","timestamp":"2026-04-28 23:14:39"}
{"level":"info","message":"\u001b[0mGET /api/v1/auth/profile \u001b[36m304\u001b[0m 69.072 ms - -\u001b[0m","service":"nayamo-api","timestamp":"2026-04-28 23:14:39"}
{"level":"info","message":"\u001b[0mGET /api/v1/admin/orders?limit=100 \u001b[36m304\u001b[0m 128.769 ms - -\u001b[0m","service":"nayamo-api","timestamp":"2026-04-28 23:14:39"}
{"level":"info","message":"\u001b[0mGET /api/v1/admin/orders?limit=100 \u001b[36m304\u001b[0m 65.354 ms - -\u001b[0m","service":"nayamo-api","timestamp":"2026-04-28 23:14:39"}
{"level":"info","message":"\u001b[0mGET /api/v1/admin/dashboard \u001b[36m304\u001b[0m 511.753 ms - -\u001b[0m","service":"nayamo-api","timestamp":"2026-04-28 23:14:40"}
{"level":"info","message":"\u001b[0mGET /api/v1/admin/dashboard \u001b[36m304\u001b[0m 388.287 ms - -\u001b[0m","service":"nayamo-api","timestamp":"2026-04-28 23:14:40"}
{"level":"info","message":"\u001b[0mGET /api/v1/auth/profile \u001b[36m304\u001b[0m 68.964 ms - -\u001b[0m","service":"nayamo-api","timestamp":"2026-04-28 23:18:26"}
{"level":"info","message":"\u001b[0mGET /api/v1/auth/profile \u001b[36m304\u001b[0m 72.282 ms - -\u001b[0m","service":"nayamo-api","timestamp":"2026-04-28 23:18:26"}
{"level":"info","message":"\u001b[0mGET /api/v1/admin/orders?limit=100 \u001b[36m304\u001b[0m 121.031 ms - -\u001b[0m","service":"nayamo-api","timestamp":"2026-04-28 23:18:26"}
{"level":"info","message":"\u001b[0mGET /api/v1/admin/orders?limit=100 \u001b[36m304\u001b[0m 70.488 ms - -\u001b[0m","service":"nayamo-api","timestamp":"2026-04-28 23:18:26"}
{"level":"info","message":"\u001b[0mGET /api/v1/admin/dashboard \u001b[36m304\u001b[0m 509.359 ms - -\u001b[0m","service":"nayamo-api","timestamp":"2026-04-28 23:18:26"}
{"level":"info","message":"\u001b[0mGET /api/v1/admin/dashboard \u001b[36m304\u001b[0m 335.657 ms - -\u001b[0m","service":"nayamo-api","timestamp":"2026-04-28 23:18:27"}
{"level":"info","message":"\u001b[0mGET /api/v1/auth/profile \u001b[36m304\u001b[0m 76.930 ms - -\u001b[0m","service":"nayamo-api","timestamp":"2026-04-28 23:18:40"}
{"level":"info","message":"\u001b[0mGET /api/v1/auth/profile \u001b[36m304\u001b[0m 77.193 ms - -\u001b[0m","service":"nayamo-api","timestamp":"2026-04-28 23:18:40"}
{"level":"info","message":"\u001b[0mGET /api/v1/admin/orders?limit=100 \u001b[36m304\u001b[0m 115.206 ms - -\u001b[0m","service":"nayamo-api","timestamp":"2026-04-28 23:18:40"}
{"level":"info","message":"\u001b[0mGET /api/v1/admin/orders?limit=100 \u001b[36m304\u001b[0m 63.842 ms - -\u001b[0m","service":"nayamo-api","timestamp":"2026-04-28 23:18:40"}
{"level":"info","message":"\u001b[0mGET /api/v1/admin/dashboard \u001b[36m304\u001b[0m 287.991 ms - -\u001b[0m","service":"nayamo-api","timestamp":"2026-04-28 23:18:40"}
{"level":"info","message":"\u001b[0mGET /api/v1/admin/dashboard \u001b[36m304\u001b[0m 439.479 ms - -\u001b[0m","service":"nayamo-api","timestamp":"2026-04-28 23:18:40"}
{"level":"info","message":"\u001b[0mGET /api/v1/auth/profile \u001b[36m304\u001b[0m 77.177 ms - -\u001b[0m","service":"nayamo-api","timestamp":"2026-04-28 23:18:49"}
{"level":"info","message":"\u001b[0mGET /api/v1/auth/profile \u001b[36m304\u001b[0m 57.690 ms - -\u001b[0m","service":"nayamo-api","timestamp":"2026-04-28 23:18:49"}
{"level":"info","message":"\u001b[0mGET /api/v1/admin/orders?limit=100 \u001b[36m304\u001b[0m 120.661 ms - -\u001b[0m","service":"nayamo-api","timestamp":"2026-04-28 23:18:49"}
{"level":"info","message":"\u001b[0mGET /api/v1/admin/dashboard \u001b[36m304\u001b[0m 141.598 ms - -\u001b[0m","service":"nayamo-api","timestamp":"2026-04-28 23:18:49"}
{"level":"info","message":"\u001b[0mGET /api/v1/admin/orders?limit=100 \u001b[36m304\u001b[0m 59.275 ms - -\u001b[0m","service":"nayamo-api","timestamp":"2026-04-28 23:18:49"}
{"level":"info","message":"\u001b[0mGET /api/v1/admin/dashboard \u001b[36m304\u001b[0m 243.213 ms - -\u001b[0m","service":"nayamo-api","timestamp":"2026-04-28 23:18:49"}
{"level":"info","message":"\u001b[0mGET /api/v1/auth/profile \u001b[36m304\u001b[0m 70.662 ms - -\u001b[0m","service":"nayamo-api","timestamp":"2026-04-28 23:19:57"}
{"level":"info","message":"\u001b[0mGET /api/v1/admin/dashboard \u001b[33m401\u001b[0m 0.763 ms - 60\u001b[0m","service":"nayamo-api","timestamp":"2026-04-28 23:19:57"}
{"level":"info","message":"\u001b[0mGET /api/v1/admin/orders?limit=100 \u001b[33m401\u001b[0m 0.701 ms - 60\u001b[0m","service":"nayamo-api","timestamp":"2026-04-28 23:19:57"}
{"level":"info","message":"\u001b[0mGET /api/v1/admin/dashboard \u001b[33m401\u001b[0m 0.481 ms - 60\u001b[0m","service":"nayamo-api","timestamp":"2026-04-28 23:19:57"}
{"level":"info","message":"\u001b[0mGET /api/v1/admin/orders?limit=100 \u001b[33m401\u001b[0m 0.606 ms - 60\u001b[0m","service":"nayamo-api","timestamp":"2026-04-28 23:19:57"}
{"level":"warn","message":"RAZORPAY_WEBHOOK_SECRET is not configured. Razorpay webhooks are disabled.","service":"nayamo-api","timestamp":"2026-04-28 23:26:32"}
{"level":"warn","message":"RAZORPAY_WEBHOOK_SECRET is not configured. Razorpay webhooks are disabled.","service":"nayamo-api","timestamp":"2026-04-29 07:56:08"}
{"level":"info","message":"Redis connected","service":"nayamo-api","timestamp":"2026-04-29 07:56:08"}
{"level":"info","message":"Server running in development mode on port 5000","service":"nayamo-api","timestamp":"2026-04-29 07:56:13"}
{"level":"warn","message":"⚠️ Server started WITHOUT database connection. Login and other DB-dependent routes will return 503 until MongoDB is available.","service":"nayamo-api","timestamp":"2026-04-29 07:56:13"}
